Arguments: 
  /Users/diraulo/.asdf/installs/nodejs/12.10.0/bin/node /usr/local/Cellar/yarn/1.22.4/libexec/bin/yarn.js init

PATH: 
  /Users/diraulo/.asdf/installs/nodejs/12.10.0/bin:/Users/diraulo/.asdf/installs/nodejs/12.10.0/.npm/bin:/Users/diraulo/.asdf/installs/nodejs/12.10.0/.npm/bin:/Users/diraulo/Library/Haskell/bin:/Users/diraulo/.asdf/shims:/Users/diraulo/.asdf/bin:./bin:.git/safe/../../bin:/Users/diraulo/.bin:/usr/local/sbin:/usr/local/bin:/usr/bin:/bin:/usr/sbin:/sbin:/usr/local/MacGPG2/bin:/Library/Apple/usr/bin:/Library/Frameworks/Mono.framework/Versions/Current/Commands:/usr/local/smlnj/bin:/Users/diraulo/.fzf/bin

Yarn version: 
  1.22.4

Node version: 
  12.10.0

Platform: 
  darwin x64

Trace: 
  Error: canceled
      at Interface.<anonymous> (/usr/local/Cellar/yarn/1.22.4/libexec/lib/cli.js:137008:13)
      at Interface.emit (events.js:209:13)
      at Interface._ttyWrite (readline.js:887:16)
      at ReadStream.onkeypress (readline.js:191:10)
      at ReadStream.emit (events.js:209:13)
      at emitKeys (internal/readline/utils.js:433:14)
      at emitKeys.next (<anonymous>)
      at ReadStream.onData (readline.js:1153:36)
      at ReadStream.emit (events.js:209:13)
      at addChunk (_stream_readable.js:305:12)

npm manifest: 
  No manifest

yarn manifest: 
  No manifest

Lockfile: 
  No lockfile
